[      36ms] [WARNING] Error with Feature-Policy header: Unrecognized feature: 'document-domain'. @ :0
[      36ms] [WARNING] Error with Feature-Policy header: Unrecognized feature: 'vr'. @ :0
[      45ms] [LOG] Ensighten Frameworks - Global @ https://vw-tam.lighthouselabs.eu/vwd6/de_one/Bootstrap.js:119
[      45ms] [LOG] 9 - Ensighten Frameworks - IF Condition Passed @ https://vw-tam.lighthouselabs.eu/vwd6/de_one/Bootstrap.js:119
[      46ms] [WARNING] Campaign Parameter Function @ https://vw-tam.lighthouselabs.eu/vwd6/de_one/Bootstrap.js:184
[      49ms] [LOG] Current Nexus: vw-tam.lighthouselabs.eu @ https://vw-tam.lighthouselabs.eu/vwd6/de_one/Bootstrap.js:253
[      58ms] [LOG] Polyfills successfully loaded! @ https://www.volkswagen.de/de.html:716
[     279ms] [WARNING] MaxListenersExceededWarning: Possible EventEmitter memory leak detected. 11 update listeners added. Use emitter.setMaxListeners() to increase limit
    at c (https://www.volkswagen.de/etc.clientlibs/clientlibs/vwa-ngw18/ngw18-frontend/apps/resources/661.cb3cc426c9ffa2e7.js:2:88875)
    at i.addListener (https://www.volkswagen.de/etc.clientlibs/clientlibs/vwa-ngw18/ngw18-frontend/apps/resources/661.cb3cc426c9ffa2e7.js:2:91459)
    at e.subscribe (https://www.volkswagen.de/etc.clientlibs/clientlibs/vwa-ngw18/ngw18-frontend/apps/resources/263.b1ed1bac3fb102a2.js:944:37188)
    at d.subscribe (https://www.volkswagen.de/etc.clientlibs/clientlibs/vwa-ngw18/ngw18-frontend/apps/resources/263.b1ed1bac3fb102a2.js:948:15582)
    at https://www.volkswagen.de/etc.clientlibs/clientlibs/vwa-ngw18/ngw18-frontend/apps/resources/reactspa.33fb1c0924fd93dd.js:3793:3154
    at ri (https://www.volkswagen.de/etc.clientlibs/clientlibs/vwa-ngw18/ngw18-frontend/apps/resources/745.52d403f7ca370d39.js:2:93081)
    at Ss (https://www.volkswagen.de/etc.clientlibs/clientlibs/vwa-ngw18/ngw18-frontend/apps/resources/745.52d403f7ca370d39.js:2:113026)
    at is (https://www.volkswagen.de/etc.clientlibs/clientlibs/vwa-ngw18/ngw18-frontend/apps/resources/745.52d403f7ca370d39.js:2:105419)
    at Hl (https://www.volkswagen.de/etc.clientlibs/clientlibs/vwa-ngw18/ngw18-frontend/apps/resources/745.52d403f7ca370d39.js:2:46707)
    at https://www.volkswagen.de/etc.clientlibs/clientlibs/vwa-ngw18/ngw18-frontend/apps/resources/745.52d403f7ca370d39.js:2:111858 @ https://www.volkswagen.de/etc.clientlibs/clientlibs/vwa-ngw18/ngw18-frontend/apps/resources/661.cb3cc426c9ffa2e7.js:1
[     303ms] [ERROR] Failed to load resource: the server responded with a status of 400 () @ https://smartsignals2.smart-digital-solutions.de/api/v2/user/VwPersonalization?organizationId=c8fTGKPVda2Oj21aJDOaa040mtMhagB&collectionId=zM2kbBFqxo5GZnmOI2bCeeC03fS6oMG&partnerId=Zs01UM7Syg9OeUyHD5wfByU006U5REc1&userId=smMyel2qBYT4TqUpg5ghp8I04N4fYPI&pageId=%2Fcontent%2Fonehub_pkw%2Fde%2Fde:0
[     334ms] [ERROR] Failed to load resource: the server responded with a status of 403 () @ https://www.volkswagen.de/app/authproxy/vw-de/authenticated?scope=profile&scope=address&scope=phone&scope=carConfigurations&scope=dealers&scope=cars&scope=vin&scope=profession:0
[     354ms] [ERROR] Failed to load resource: net::ERR_FAILED @ chrome-extension://invalid/:0
[     420ms] [ERROR] Access to XMLHttpRequest at 'https://service.force.com/embeddedservice/5.0/esw.min.css' from origin 'https://www.volkswagen.de' has been blocked by CORS policy: No 'Access-Control-Allow-Origin' header is present on the requested resource. @ https://www.volkswagen.de/de.html:0
[     420ms] [ERROR] Failed to load resource: net::ERR_FAILED @ https://service.force.com/embeddedservice/5.0/esw.min.css:0
[     460ms] [LOG] Here - URL Search Added @ https://vw-tam.lighthouselabs.eu/vwd6/de_one/code/af952bd33eb38aff2c9c351f6dabe72a.js?conditionId0=4901985:164
[     461ms] [LOG] Advanced Retargeting - Data updated in localStorage @ https://vw-tam.lighthouselabs.eu/vwd6/de_one/code/b5de8f89b445fa14abb878dec0b383c0.js?conditionId0=4901985:48
[     461ms] [LOG] Advanced Retargeting:  {initialTagFire: 2026-04-08T15:02:53.619Z, timesFired: 2, intent: Low} @ https://vw-tam.lighthouselabs.eu/vwd6/de_one/code/b5de8f89b445fa14abb878dec0b383c0.js?conditionId0=4901985:48
[     462ms] [LOG] CM360 @ https://vw-tam.lighthouselabs.eu/vwd6/de_one/code/b5de8f89b445fa14abb878dec0b383c0.js?conditionId0=4901985:98
[     462ms] [LOG] Advanced Retargeting - Days since initial tag fire 0 @ https://vw-tam.lighthouselabs.eu/vwd6/de_one/code/b5de8f89b445fa14abb878dec0b383c0.js?conditionId0=4901985:101
[     462ms] [LOG] Advanced Retargeting - *AdvRtg data detected*, data has been downloaded calculated and sent to localStorage @ https://vw-tam.lighthouselabs.eu/vwd6/de_one/code/b5de8f89b445fa14abb878dec0b383c0.js?conditionId0=4901985:102
[     462ms] [LOG] Advanced Retargeting - visitIntent:  undefined @ https://vw-tam.lighthouselabs.eu/vwd6/de_one/code/b5de8f89b445fa14abb878dec0b383c0.js?conditionId0=4901985:103
[     462ms] [LOG] Advanced Retargeting - PageName:  https://www.volkswagen.de/de.html @ https://vw-tam.lighthouselabs.eu/vwd6/de_one/code/b5de8f89b445fa14abb878dec0b383c0.js?conditionId0=4901985:103
[     667ms] [LOG] Window events New: undefined @ https://vw-tam.lighthouselabs.eu/vwd6/de_one/code/af952bd33eb38aff2c9c351f6dabe72a.js?conditionId0=4901985:639
[    1573ms] [LOG] SD debug: undefined @ :33
[    2773ms] [ERROR] Access to fetch at 'https://logger.vwonehub.io/' from origin 'https://www.volkswagen.de' has been blocked by CORS policy: No 'Access-Control-Allow-Origin' header is present on the requested resource. @ https://www.volkswagen.de/de.html:0
[    2774ms] [ERROR] Failed to load resource: net::ERR_FAILED @ https://logger.vwonehub.io/:0
[    2774ms] [ERROR] error while sending log msg to %s: %s https://logger.vwonehub.io TypeError: Failed to fetch @ https://www.volkswagen.de/etc.clientlibs/clientlibs/vwa-ngw18/ngw18-frontend/apps/resources/clientlibs-priority.7035b468e771fdf8.js:1
[   18443ms] [WARNING] The resource https://v3-110-2.gsl.feature-app.io/apps/quicksearch/quicksearch.umd.js was preloaded using link preload but not used within a few seconds from the window's load event. Please make sure it has an appropriate `as` value and it is preloaded intentionally. @ https://www.volkswagen.de/de.html:0
[   18443ms] [WARNING] The resource https://v1-532-0.mofa.feature-app.io/assets/model-recommendations-feature-app/model-recommendations.js was preloaded using link preload but not used within a few seconds from the window's load event. Please make sure it has an appropriate `as` value and it is preloaded intentionally. @ https://www.volkswagen.de/de.html:0
[   25669ms] [WARNING] The resource https://v3-110-2.gsl.feature-app.io/apps/quicksearch/quicksearch.umd.js was preloaded using link preload but not used within a few seconds from the window's load event. Please make sure it has an appropriate `as` value and it is preloaded intentionally. @ https://www.volkswagen.de/de.html:0
[   25669ms] [WARNING] The resource https://v1-532-0.mofa.feature-app.io/assets/model-recommendations-feature-app/model-recommendations.js was preloaded using link preload but not used within a few seconds from the window's load event. Please make sure it has an appropriate `as` value and it is preloaded intentionally. @ https://www.volkswagen.de/de.html:0
[   30622ms] [WARNING] The resource https://v3-110-2.gsl.feature-app.io/apps/quicksearch/quicksearch.umd.js was preloaded using link preload but not used within a few seconds from the window's load event. Please make sure it has an appropriate `as` value and it is preloaded intentionally. @ https://www.volkswagen.de/de.html:0
[   30622ms] [WARNING] The resource https://v1-532-0.mofa.feature-app.io/assets/model-recommendations-feature-app/model-recommendations.js was preloaded using link preload but not used within a few seconds from the window's load event. Please make sure it has an appropriate `as` value and it is preloaded intentionally. @ https://www.volkswagen.de/de.html:0
[   35645ms] [WARNING] The resource https://v3-110-2.gsl.feature-app.io/apps/quicksearch/quicksearch.umd.js was preloaded using link preload but not used within a few seconds from the window's load event. Please make sure it has an appropriate `as` value and it is preloaded intentionally. @ https://www.volkswagen.de/de.html:0
[   35645ms] [WARNING] The resource https://v1-532-0.mofa.feature-app.io/assets/model-recommendations-feature-app/model-recommendations.js was preloaded using link preload but not used within a few seconds from the window's load event. Please make sure it has an appropriate `as` value and it is preloaded intentionally. @ https://www.volkswagen.de/de.html:0
[   40747ms] [WARNING] The resource https://v3-110-2.gsl.feature-app.io/apps/quicksearch/quicksearch.umd.js was preloaded using link preload but not used within a few seconds from the window's load event. Please make sure it has an appropriate `as` value and it is preloaded intentionally. @ https://www.volkswagen.de/de.html:0
[   40747ms] [WARNING] The resource https://v1-532-0.mofa.feature-app.io/assets/model-recommendations-feature-app/model-recommendations.js was preloaded using link preload but not used within a few seconds from the window's load event. Please make sure it has an appropriate `as` value and it is preloaded intentionally. @ https://www.volkswagen.de/de.html:0
[   55667ms] [WARNING] The resource https://v3-110-2.gsl.feature-app.io/apps/quicksearch/quicksearch.umd.js was preloaded using link preload but not used within a few seconds from the window's load event. Please make sure it has an appropriate `as` value and it is preloaded intentionally. @ https://www.volkswagen.de/de.html:0
[   55667ms] [WARNING] The resource https://v1-532-0.mofa.feature-app.io/assets/model-recommendations-feature-app/model-recommendations.js was preloaded using link preload but not used within a few seconds from the window's load event. Please make sure it has an appropriate `as` value and it is preloaded intentionally. @ https://www.volkswagen.de/de.html:0
[   63426ms] [WARNING] The resource https://v3-110-2.gsl.feature-app.io/apps/quicksearch/quicksearch.umd.js was preloaded using link preload but not used within a few seconds from the window's load event. Please make sure it has an appropriate `as` value and it is preloaded intentionally. @ https://www.volkswagen.de/de.html:0
[   63426ms] [WARNING] The resource https://v1-532-0.mofa.feature-app.io/assets/model-recommendations-feature-app/model-recommendations.js was preloaded using link preload but not used within a few seconds from the window's load event. Please make sure it has an appropriate `as` value and it is preloaded intentionally. @ https://www.volkswagen.de/de.html:0
[  105804ms] [WARNING] The resource https://v3-110-2.gsl.feature-app.io/apps/quicksearch/quicksearch.umd.js was preloaded using link preload but not used within a few seconds from the window's load event. Please make sure it has an appropriate `as` value and it is preloaded intentionally. @ https://www.volkswagen.de/de.html:0
[  105804ms] [WARNING] The resource https://v1-532-0.mofa.feature-app.io/assets/model-recommendations-feature-app/model-recommendations.js was preloaded using link preload but not used within a few seconds from the window's load event. Please make sure it has an appropriate `as` value and it is preloaded intentionally. @ https://www.volkswagen.de/de.html:0
[  120461ms] [LOG] UX Score - December 2025 @ https://vw-tam.lighthouselabs.eu/vwd6/de_one/code/af952bd33eb38aff2c9c351f6dabe72a.js?conditionId0=4901985:255
[  125722ms] [WARNING] The resource https://v3-110-2.gsl.feature-app.io/apps/quicksearch/quicksearch.umd.js was preloaded using link preload but not used within a few seconds from the window's load event. Please make sure it has an appropriate `as` value and it is preloaded intentionally. @ https://www.volkswagen.de/de.html:0
[  125722ms] [WARNING] The resource https://v1-532-0.mofa.feature-app.io/assets/model-recommendations-feature-app/model-recommendations.js was preloaded using link preload but not used within a few seconds from the window's load event. Please make sure it has an appropriate `as` value and it is preloaded intentionally. @ https://www.volkswagen.de/de.html:0
[  155245ms] [ERROR] Access to fetch at 'https://logger.vwonehub.io/' from origin 'https://www.volkswagen.de' has been blocked by CORS policy: No 'Access-Control-Allow-Origin' header is present on the requested resource. @ https://www.volkswagen.de/de.html:0
[  155245ms] [ERROR] Failed to load resource: net::ERR_FAILED @ https://logger.vwonehub.io/:0
[  155245ms] [ERROR] error while sending log msg to %s: %s https://logger.vwonehub.io TypeError: Failed to fetch @ https://www.volkswagen.de/etc.clientlibs/clientlibs/vwa-ngw18/ngw18-frontend/apps/resources/clientlibs-priority.7035b468e771fdf8.js:1
[  158393ms] [WARNING] The resource https://v3-110-2.gsl.feature-app.io/apps/quicksearch/quicksearch.umd.js was preloaded using link preload but not used within a few seconds from the window's load event. Please make sure it has an appropriate `as` value and it is preloaded intentionally. @ https://www.volkswagen.de/de.html:0
[  158393ms] [WARNING] The resource https://v1-532-0.mofa.feature-app.io/assets/model-recommendations-feature-app/model-recommendations.js was preloaded using link preload but not used within a few seconds from the window's load event. Please make sure it has an appropriate `as` value and it is preloaded intentionally. @ https://www.volkswagen.de/de.html:0
[  183509ms] [WARNING] The resource https://v3-110-2.gsl.feature-app.io/apps/quicksearch/quicksearch.umd.js was preloaded using link preload but not used within a few seconds from the window's load event. Please make sure it has an appropriate `as` value and it is preloaded intentionally. @ https://www.volkswagen.de/de.html:0
[  183509ms] [WARNING] The resource https://v1-532-0.mofa.feature-app.io/assets/model-recommendations-feature-app/model-recommendations.js was preloaded using link preload but not used within a few seconds from the window's load event. Please make sure it has an appropriate `as` value and it is preloaded intentionally. @ https://www.volkswagen.de/de.html:0
