[      54ms] [WARNING] Error with Feature-Policy header: Unrecognized feature: 'document-domain'. @ :0
[      54ms] [WARNING] Error with Feature-Policy header: Unrecognized feature: 'vr'. @ :0
[     124ms] [LOG] Ensighten Frameworks - Global @ https://vw-tam.lighthouselabs.eu/vwd6/de_one/Bootstrap.js:119
[     124ms] [LOG] 9 - Ensighten Frameworks - IF Condition Passed @ https://vw-tam.lighthouselabs.eu/vwd6/de_one/Bootstrap.js:119
[     125ms] [WARNING] Campaign Parameter Function @ https://vw-tam.lighthouselabs.eu/vwd6/de_one/Bootstrap.js:184
[     129ms] [LOG] Current Nexus: vw-tam.lighthouselabs.eu @ https://vw-tam.lighthouselabs.eu/vwd6/de_one/Bootstrap.js:253
[     141ms] [LOG] Polyfills successfully loaded! @ https://www.volkswagen.de/de.html:716
[     345ms] [ERROR] Failed to load resource: the server responded with a status of 400 () @ https://smartsignals2.smart-digital-solutions.de/api/v2/user/VwPersonalization?organizationId=c8fTGKPVda2Oj21aJDOaa040mtMhagB&collectionId=zM2kbBFqxo5GZnmOI2bCeeC03fS6oMG&partnerId=Zs01UM7Syg9OeUyHD5wfByU006U5REc1&userId=smMyel2qBYT4TqUpg5ghp8I04N4fYPI&pageId=%2Fcontent%2Fonehub_pkw%2Fde%2Fde:0
[     462ms] [WARNING] MaxListenersExceededWarning: Possible EventEmitter memory leak detected. 11 update listeners added. Use emitter.setMaxListeners() to increase limit
    at c (https://www.volkswagen.de/etc.clientlibs/clientlibs/vwa-ngw18/ngw18-frontend/apps/resources/661.cb3cc426c9ffa2e7.js:2:88875)
    at i.addListener (https://www.volkswagen.de/etc.clientlibs/clientlibs/vwa-ngw18/ngw18-frontend/apps/resources/661.cb3cc426c9ffa2e7.js:2:91459)
    at e.subscribe (https://www.volkswagen.de/etc.clientlibs/clientlibs/vwa-ngw18/ngw18-frontend/apps/resources/263.b1ed1bac3fb102a2.js:944:37188)
    at d.subscribe (https://www.volkswagen.de/etc.clientlibs/clientlibs/vwa-ngw18/ngw18-frontend/apps/resources/263.b1ed1bac3fb102a2.js:948:15582)
    at https://www.volkswagen.de/etc.clientlibs/clientlibs/vwa-ngw18/ngw18-frontend/apps/resources/reactspa.33fb1c0924fd93dd.js:3793:3154
    at ri (https://www.volkswagen.de/etc.clientlibs/clientlibs/vwa-ngw18/ngw18-frontend/apps/resources/745.52d403f7ca370d39.js:2:93081)
    at Ss (https://www.volkswagen.de/etc.clientlibs/clientlibs/vwa-ngw18/ngw18-frontend/apps/resources/745.52d403f7ca370d39.js:2:113026)
    at is (https://www.volkswagen.de/etc.clientlibs/clientlibs/vwa-ngw18/ngw18-frontend/apps/resources/745.52d403f7ca370d39.js:2:105419)
    at Hl (https://www.volkswagen.de/etc.clientlibs/clientlibs/vwa-ngw18/ngw18-frontend/apps/resources/745.52d403f7ca370d39.js:2:46707)
    at https://www.volkswagen.de/etc.clientlibs/clientlibs/vwa-ngw18/ngw18-frontend/apps/resources/745.52d403f7ca370d39.js:2:111858 @ https://www.volkswagen.de/etc.clientlibs/clientlibs/vwa-ngw18/ngw18-frontend/apps/resources/661.cb3cc426c9ffa2e7.js:1
[     664ms] [ERROR] Access to XMLHttpRequest at 'https://service.force.com/embeddedservice/5.0/esw.min.css' from origin 'https://www.volkswagen.de' has been blocked by CORS policy: No 'Access-Control-Allow-Origin' header is present on the requested resource. @ https://www.volkswagen.de/de.html:0
[     664ms] [ERROR] Failed to load resource: net::ERR_FAILED @ https://service.force.com/embeddedservice/5.0/esw.min.css:0
[     664ms] [ERROR] Failed to load resource: the server responded with a status of 403 () @ https://www.volkswagen.de/app/authproxy/vw-de/authenticated?scope=profile&scope=address&scope=phone&scope=carConfigurations&scope=dealers&scope=cars&scope=vin&scope=profession:0
[     681ms] [LOG] Here - URL Search Added @ https://vw-tam.lighthouselabs.eu/vwd6/de_one/code/af952bd33eb38aff2c9c351f6dabe72a.js?conditionId0=4901985:164
[     683ms] [LOG] Advanced Retargeting - Data updated in localStorage @ https://vw-tam.lighthouselabs.eu/vwd6/de_one/code/b5de8f89b445fa14abb878dec0b383c0.js?conditionId0=4901985:48
[     683ms] [LOG] Advanced Retargeting:  {initialTagFire: 2026-04-08T15:02:53.619Z, timesFired: 3, intent: Medium} @ https://vw-tam.lighthouselabs.eu/vwd6/de_one/code/b5de8f89b445fa14abb878dec0b383c0.js?conditionId0=4901985:48
[     683ms] [LOG] CM360 @ https://vw-tam.lighthouselabs.eu/vwd6/de_one/code/b5de8f89b445fa14abb878dec0b383c0.js?conditionId0=4901985:98
[     683ms] [LOG] Advanced Retargeting - Days since initial tag fire 0 @ https://vw-tam.lighthouselabs.eu/vwd6/de_one/code/b5de8f89b445fa14abb878dec0b383c0.js?conditionId0=4901985:101
[     683ms] [LOG] Advanced Retargeting - *AdvRtg data detected*, data has been downloaded calculated and sent to localStorage @ https://vw-tam.lighthouselabs.eu/vwd6/de_one/code/b5de8f89b445fa14abb878dec0b383c0.js?conditionId0=4901985:102
[     683ms] [LOG] Advanced Retargeting - visitIntent:  Medium @ https://vw-tam.lighthouselabs.eu/vwd6/de_one/code/b5de8f89b445fa14abb878dec0b383c0.js?conditionId0=4901985:103
[     683ms] [LOG] Advanced Retargeting - PageName:  https://www.volkswagen.de/de.html @ https://vw-tam.lighthouselabs.eu/vwd6/de_one/code/b5de8f89b445fa14abb878dec0b383c0.js?conditionId0=4901985:103
[     782ms] [LOG] Window events New: undefined @ https://vw-tam.lighthouselabs.eu/vwd6/de_one/code/af952bd33eb38aff2c9c351f6dabe72a.js?conditionId0=4901985:639
[    1798ms] [LOG] SD debug: undefined @ :33
[   10946ms] [WARNING] The resource https://v3-110-2.gsl.feature-app.io/apps/quicksearch/quicksearch.umd.js was preloaded using link preload but not used within a few seconds from the window's load event. Please make sure it has an appropriate `as` value and it is preloaded intentionally. @ https://www.volkswagen.de/de.html:0
[   10947ms] [WARNING] The resource https://v1-532-0.mofa.feature-app.io/assets/model-recommendations-feature-app/model-recommendations.js was preloaded using link preload but not used within a few seconds from the window's load event. Please make sure it has an appropriate `as` value and it is preloaded intentionally. @ https://www.volkswagen.de/de.html:0
[   18733ms] [WARNING] The resource https://v3-110-2.gsl.feature-app.io/apps/quicksearch/quicksearch.umd.js was preloaded using link preload but not used within a few seconds from the window's load event. Please make sure it has an appropriate `as` value and it is preloaded intentionally. @ https://www.volkswagen.de/de.html:0
[   18733ms] [WARNING] The resource https://v1-532-0.mofa.feature-app.io/assets/model-recommendations-feature-app/model-recommendations.js was preloaded using link preload but not used within a few seconds from the window's load event. Please make sure it has an appropriate `as` value and it is preloaded intentionally. @ https://www.volkswagen.de/de.html:0
[   25960ms] [WARNING] The resource https://v3-110-2.gsl.feature-app.io/apps/quicksearch/quicksearch.umd.js was preloaded using link preload but not used within a few seconds from the window's load event. Please make sure it has an appropriate `as` value and it is preloaded intentionally. @ https://www.volkswagen.de/de.html:0
[   25960ms] [WARNING] The resource https://v1-532-0.mofa.feature-app.io/assets/model-recommendations-feature-app/model-recommendations.js was preloaded using link preload but not used within a few seconds from the window's load event. Please make sure it has an appropriate `as` value and it is preloaded intentionally. @ https://www.volkswagen.de/de.html:0
[   35962ms] [WARNING] The resource https://v3-110-2.gsl.feature-app.io/apps/quicksearch/quicksearch.umd.js was preloaded using link preload but not used within a few seconds from the window's load event. Please make sure it has an appropriate `as` value and it is preloaded intentionally. @ https://www.volkswagen.de/de.html:0
[   35962ms] [WARNING] The resource https://v1-532-0.mofa.feature-app.io/assets/model-recommendations-feature-app/model-recommendations.js was preloaded using link preload but not used within a few seconds from the window's load event. Please make sure it has an appropriate `as` value and it is preloaded intentionally. @ https://www.volkswagen.de/de.html:0
[   41142ms] [WARNING] The resource https://v3-110-2.gsl.feature-app.io/apps/quicksearch/quicksearch.umd.js was preloaded using link preload but not used within a few seconds from the window's load event. Please make sure it has an appropriate `as` value and it is preloaded intentionally. @ https://www.volkswagen.de/de.html:0
[   41142ms] [WARNING] The resource https://v1-532-0.mofa.feature-app.io/assets/model-recommendations-feature-app/model-recommendations.js was preloaded using link preload but not used within a few seconds from the window's load event. Please make sure it has an appropriate `as` value and it is preloaded intentionally. @ https://www.volkswagen.de/de.html:0
[   55969ms] [WARNING] The resource https://v3-110-2.gsl.feature-app.io/apps/quicksearch/quicksearch.umd.js was preloaded using link preload but not used within a few seconds from the window's load event. Please make sure it has an appropriate `as` value and it is preloaded intentionally. @ https://www.volkswagen.de/de.html:0
[   55969ms] [WARNING] The resource https://v1-532-0.mofa.feature-app.io/assets/model-recommendations-feature-app/model-recommendations.js was preloaded using link preload but not used within a few seconds from the window's load event. Please make sure it has an appropriate `as` value and it is preloaded intentionally. @ https://www.volkswagen.de/de.html:0
[   63693ms] [WARNING] The resource https://v3-110-2.gsl.feature-app.io/apps/quicksearch/quicksearch.umd.js was preloaded using link preload but not used within a few seconds from the window's load event. Please make sure it has an appropriate `as` value and it is preloaded intentionally. @ https://www.volkswagen.de/de.html:0
[   63694ms] [WARNING] The resource https://v1-532-0.mofa.feature-app.io/assets/model-recommendations-feature-app/model-recommendations.js was preloaded using link preload but not used within a few seconds from the window's load event. Please make sure it has an appropriate `as` value and it is preloaded intentionally. @ https://www.volkswagen.de/de.html:0
[  106179ms] [WARNING] The resource https://v3-110-2.gsl.feature-app.io/apps/quicksearch/quicksearch.umd.js was preloaded using link preload but not used within a few seconds from the window's load event. Please make sure it has an appropriate `as` value and it is preloaded intentionally. @ https://www.volkswagen.de/de.html:0
[  106179ms] [WARNING] The resource https://v1-532-0.mofa.feature-app.io/assets/model-recommendations-feature-app/model-recommendations.js was preloaded using link preload but not used within a few seconds from the window's load event. Please make sure it has an appropriate `as` value and it is preloaded intentionally. @ https://www.volkswagen.de/de.html:0
[  120683ms] [LOG] UX Score - December 2025 @ https://vw-tam.lighthouselabs.eu/vwd6/de_one/code/af952bd33eb38aff2c9c351f6dabe72a.js?conditionId0=4901985:255
[  126006ms] [WARNING] The resource https://v3-110-2.gsl.feature-app.io/apps/quicksearch/quicksearch.umd.js was preloaded using link preload but not used within a few seconds from the window's load event. Please make sure it has an appropriate `as` value and it is preloaded intentionally. @ https://www.volkswagen.de/de.html:0
[  126007ms] [WARNING] The resource https://v1-532-0.mofa.feature-app.io/assets/model-recommendations-feature-app/model-recommendations.js was preloaded using link preload but not used within a few seconds from the window's load event. Please make sure it has an appropriate `as` value and it is preloaded intentionally. @ https://www.volkswagen.de/de.html:0
[  156073ms] [WARNING] The resource https://v3-110-2.gsl.feature-app.io/apps/quicksearch/quicksearch.umd.js was preloaded using link preload but not used within a few seconds from the window's load event. Please make sure it has an appropriate `as` value and it is preloaded intentionally. @ https://www.volkswagen.de/de.html:0
[  156073ms] [WARNING] The resource https://v1-532-0.mofa.feature-app.io/assets/model-recommendations-feature-app/model-recommendations.js was preloaded using link preload but not used within a few seconds from the window's load event. Please make sure it has an appropriate `as` value and it is preloaded intentionally. @ https://www.volkswagen.de/de.html:0
[  183760ms] [WARNING] The resource https://v3-110-2.gsl.feature-app.io/apps/quicksearch/quicksearch.umd.js was preloaded using link preload but not used within a few seconds from the window's load event. Please make sure it has an appropriate `as` value and it is preloaded intentionally. @ https://www.volkswagen.de/de.html:0
[  183760ms] [WARNING] The resource https://v1-532-0.mofa.feature-app.io/assets/model-recommendations-feature-app/model-recommendations.js was preloaded using link preload but not used within a few seconds from the window's load event. Please make sure it has an appropriate `as` value and it is preloaded intentionally. @ https://www.volkswagen.de/de.html:0
[  206171ms] [WARNING] The resource https://v3-110-2.gsl.feature-app.io/apps/quicksearch/quicksearch.umd.js was preloaded using link preload but not used within a few seconds from the window's load event. Please make sure it has an appropriate `as` value and it is preloaded intentionally. @ https://www.volkswagen.de/de.html:0
[  206171ms] [WARNING] The resource https://v1-532-0.mofa.feature-app.io/assets/model-recommendations-feature-app/model-recommendations.js was preloaded using link preload but not used within a few seconds from the window's load event. Please make sure it has an appropriate `as` value and it is preloaded intentionally. @ https://www.volkswagen.de/de.html:0
[  256163ms] [WARNING] The resource https://v3-110-2.gsl.feature-app.io/apps/quicksearch/quicksearch.umd.js was preloaded using link preload but not used within a few seconds from the window's load event. Please make sure it has an appropriate `as` value and it is preloaded intentionally. @ https://www.volkswagen.de/de.html:0
[  256163ms] [WARNING] The resource https://v1-532-0.mofa.feature-app.io/assets/model-recommendations-feature-app/model-recommendations.js was preloaded using link preload but not used within a few seconds from the window's load event. Please make sure it has an appropriate `as` value and it is preloaded intentionally. @ https://www.volkswagen.de/de.html:0
[  306187ms] [WARNING] The resource https://v3-110-2.gsl.feature-app.io/apps/quicksearch/quicksearch.umd.js was preloaded using link preload but not used within a few seconds from the window's load event. Please make sure it has an appropriate `as` value and it is preloaded intentionally. @ https://www.volkswagen.de/de.html:0
[  306187ms] [WARNING] The resource https://v1-532-0.mofa.feature-app.io/assets/model-recommendations-feature-app/model-recommendations.js was preloaded using link preload but not used within a few seconds from the window's load event. Please make sure it has an appropriate `as` value and it is preloaded intentionally. @ https://www.volkswagen.de/de.html:0
[  356200ms] [WARNING] The resource https://v3-110-2.gsl.feature-app.io/apps/quicksearch/quicksearch.umd.js was preloaded using link preload but not used within a few seconds from the window's load event. Please make sure it has an appropriate `as` value and it is preloaded intentionally. @ https://www.volkswagen.de/de.html:0
[  356200ms] [WARNING] The resource https://v1-532-0.mofa.feature-app.io/assets/model-recommendations-feature-app/model-recommendations.js was preloaded using link preload but not used within a few seconds from the window's load event. Please make sure it has an appropriate `as` value and it is preloaded intentionally. @ https://www.volkswagen.de/de.html:0
[  406251ms] [WARNING] The resource https://v3-110-2.gsl.feature-app.io/apps/quicksearch/quicksearch.umd.js was preloaded using link preload but not used within a few seconds from the window's load event. Please make sure it has an appropriate `as` value and it is preloaded intentionally. @ https://www.volkswagen.de/de.html:0
[  406251ms] [WARNING] The resource https://v1-532-0.mofa.feature-app.io/assets/model-recommendations-feature-app/model-recommendations.js was preloaded using link preload but not used within a few seconds from the window's load event. Please make sure it has an appropriate `as` value and it is preloaded intentionally. @ https://www.volkswagen.de/de.html:0
[  456256ms] [WARNING] The resource https://v3-110-2.gsl.feature-app.io/apps/quicksearch/quicksearch.umd.js was preloaded using link preload but not used within a few seconds from the window's load event. Please make sure it has an appropriate `as` value and it is preloaded intentionally. @ https://www.volkswagen.de/de.html:0
[  456257ms] [WARNING] The resource https://v1-532-0.mofa.feature-app.io/assets/model-recommendations-feature-app/model-recommendations.js was preloaded using link preload but not used within a few seconds from the window's load event. Please make sure it has an appropriate `as` value and it is preloaded intentionally. @ https://www.volkswagen.de/de.html:0
[  506291ms] [WARNING] The resource https://v3-110-2.gsl.feature-app.io/apps/quicksearch/quicksearch.umd.js was preloaded using link preload but not used within a few seconds from the window's load event. Please make sure it has an appropriate `as` value and it is preloaded intentionally. @ https://www.volkswagen.de/de.html:0
[  506291ms] [WARNING] The resource https://v1-532-0.mofa.feature-app.io/assets/model-recommendations-feature-app/model-recommendations.js was preloaded using link preload but not used within a few seconds from the window's load event. Please make sure it has an appropriate `as` value and it is preloaded intentionally. @ https://www.volkswagen.de/de.html:0
[  556236ms] [WARNING] The resource https://v3-110-2.gsl.feature-app.io/apps/quicksearch/quicksearch.umd.js was preloaded using link preload but not used within a few seconds from the window's load event. Please make sure it has an appropriate `as` value and it is preloaded intentionally. @ https://www.volkswagen.de/de.html:0
[  556236ms] [WARNING] The resource https://v1-532-0.mofa.feature-app.io/assets/model-recommendations-feature-app/model-recommendations.js was preloaded using link preload but not used within a few seconds from the window's load event. Please make sure it has an appropriate `as` value and it is preloaded intentionally. @ https://www.volkswagen.de/de.html:0
[  606342ms] [WARNING] The resource https://v3-110-2.gsl.feature-app.io/apps/quicksearch/quicksearch.umd.js was preloaded using link preload but not used within a few seconds from the window's load event. Please make sure it has an appropriate `as` value and it is preloaded intentionally. @ https://www.volkswagen.de/de.html:0
[  606342ms] [WARNING] The resource https://v1-532-0.mofa.feature-app.io/assets/model-recommendations-feature-app/model-recommendations.js was preloaded using link preload but not used within a few seconds from the window's load event. Please make sure it has an appropriate `as` value and it is preloaded intentionally. @ https://www.volkswagen.de/de.html:0
[  656307ms] [WARNING] The resource https://v3-110-2.gsl.feature-app.io/apps/quicksearch/quicksearch.umd.js was preloaded using link preload but not used within a few seconds from the window's load event. Please make sure it has an appropriate `as` value and it is preloaded intentionally. @ https://www.volkswagen.de/de.html:0
[  656307ms] [WARNING] The resource https://v1-532-0.mofa.feature-app.io/assets/model-recommendations-feature-app/model-recommendations.js was preloaded using link preload but not used within a few seconds from the window's load event. Please make sure it has an appropriate `as` value and it is preloaded intentionally. @ https://www.volkswagen.de/de.html:0
[  706429ms] [WARNING] The resource https://v3-110-2.gsl.feature-app.io/apps/quicksearch/quicksearch.umd.js was preloaded using link preload but not used within a few seconds from the window's load event. Please make sure it has an appropriate `as` value and it is preloaded intentionally. @ https://www.volkswagen.de/de.html:0
[  706429ms] [WARNING] The resource https://v1-532-0.mofa.feature-app.io/assets/model-recommendations-feature-app/model-recommendations.js was preloaded using link preload but not used within a few seconds from the window's load event. Please make sure it has an appropriate `as` value and it is preloaded intentionally. @ https://www.volkswagen.de/de.html:0
[  756333ms] [WARNING] The resource https://v3-110-2.gsl.feature-app.io/apps/quicksearch/quicksearch.umd.js was preloaded using link preload but not used within a few seconds from the window's load event. Please make sure it has an appropriate `as` value and it is preloaded intentionally. @ https://www.volkswagen.de/de.html:0
[  756333ms] [WARNING] The resource https://v1-532-0.mofa.feature-app.io/assets/model-recommendations-feature-app/model-recommendations.js was preloaded using link preload but not used within a few seconds from the window's load event. Please make sure it has an appropriate `as` value and it is preloaded intentionally. @ https://www.volkswagen.de/de.html:0
[  806377ms] [WARNING] The resource https://v3-110-2.gsl.feature-app.io/apps/quicksearch/quicksearch.umd.js was preloaded using link preload but not used within a few seconds from the window's load event. Please make sure it has an appropriate `as` value and it is preloaded intentionally. @ https://www.volkswagen.de/de.html:0
[  806377ms] [WARNING] The resource https://v1-532-0.mofa.feature-app.io/assets/model-recommendations-feature-app/model-recommendations.js was preloaded using link preload but not used within a few seconds from the window's load event. Please make sure it has an appropriate `as` value and it is preloaded intentionally. @ https://www.volkswagen.de/de.html:0
[  856377ms] [WARNING] The resource https://v3-110-2.gsl.feature-app.io/apps/quicksearch/quicksearch.umd.js was preloaded using link preload but not used within a few seconds from the window's load event. Please make sure it has an appropriate `as` value and it is preloaded intentionally. @ https://www.volkswagen.de/de.html:0
[  856377ms] [WARNING] The resource https://v1-532-0.mofa.feature-app.io/assets/model-recommendations-feature-app/model-recommendations.js was preloaded using link preload but not used within a few seconds from the window's load event. Please make sure it has an appropriate `as` value and it is preloaded intentionally. @ https://www.volkswagen.de/de.html:0
[  906424ms] [WARNING] The resource https://v3-110-2.gsl.feature-app.io/apps/quicksearch/quicksearch.umd.js was preloaded using link preload but not used within a few seconds from the window's load event. Please make sure it has an appropriate `as` value and it is preloaded intentionally. @ https://www.volkswagen.de/de.html:0
[  906424ms] [WARNING] The resource https://v1-532-0.mofa.feature-app.io/assets/model-recommendations-feature-app/model-recommendations.js was preloaded using link preload but not used within a few seconds from the window's load event. Please make sure it has an appropriate `as` value and it is preloaded intentionally. @ https://www.volkswagen.de/de.html:0
[  956513ms] [WARNING] The resource https://v3-110-2.gsl.feature-app.io/apps/quicksearch/quicksearch.umd.js was preloaded using link preload but not used within a few seconds from the window's load event. Please make sure it has an appropriate `as` value and it is preloaded intentionally. @ https://www.volkswagen.de/de.html:0
[  956513ms] [WARNING] The resource https://v1-532-0.mofa.feature-app.io/assets/model-recommendations-feature-app/model-recommendations.js was preloaded using link preload but not used within a few seconds from the window's load event. Please make sure it has an appropriate `as` value and it is preloaded intentionally. @ https://www.volkswagen.de/de.html:0
[ 1006475ms] [WARNING] The resource https://v3-110-2.gsl.feature-app.io/apps/quicksearch/quicksearch.umd.js was preloaded using link preload but not used within a few seconds from the window's load event. Please make sure it has an appropriate `as` value and it is preloaded intentionally. @ https://www.volkswagen.de/de.html:0
[ 1006475ms] [WARNING] The resource https://v1-532-0.mofa.feature-app.io/assets/model-recommendations-feature-app/model-recommendations.js was preloaded using link preload but not used within a few seconds from the window's load event. Please make sure it has an appropriate `as` value and it is preloaded intentionally. @ https://www.volkswagen.de/de.html:0
[ 1056464ms] [WARNING] The resource https://v3-110-2.gsl.feature-app.io/apps/quicksearch/quicksearch.umd.js was preloaded using link preload but not used within a few seconds from the window's load event. Please make sure it has an appropriate `as` value and it is preloaded intentionally. @ https://www.volkswagen.de/de.html:0
[ 1056464ms] [WARNING] The resource https://v1-532-0.mofa.feature-app.io/assets/model-recommendations-feature-app/model-recommendations.js was preloaded using link preload but not used within a few seconds from the window's load event. Please make sure it has an appropriate `as` value and it is preloaded intentionally. @ https://www.volkswagen.de/de.html:0
[ 1106530ms] [WARNING] The resource https://v3-110-2.gsl.feature-app.io/apps/quicksearch/quicksearch.umd.js was preloaded using link preload but not used within a few seconds from the window's load event. Please make sure it has an appropriate `as` value and it is preloaded intentionally. @ https://www.volkswagen.de/de.html:0
[ 1106530ms] [WARNING] The resource https://v1-532-0.mofa.feature-app.io/assets/model-recommendations-feature-app/model-recommendations.js was preloaded using link preload but not used within a few seconds from the window's load event. Please make sure it has an appropriate `as` value and it is preloaded intentionally. @ https://www.volkswagen.de/de.html:0
[ 1156512ms] [WARNING] The resource https://v3-110-2.gsl.feature-app.io/apps/quicksearch/quicksearch.umd.js was preloaded using link preload but not used within a few seconds from the window's load event. Please make sure it has an appropriate `as` value and it is preloaded intentionally. @ https://www.volkswagen.de/de.html:0
[ 1156512ms] [WARNING] The resource https://v1-532-0.mofa.feature-app.io/assets/model-recommendations-feature-app/model-recommendations.js was preloaded using link preload but not used within a few seconds from the window's load event. Please make sure it has an appropriate `as` value and it is preloaded intentionally. @ https://www.volkswagen.de/de.html:0
[ 1206627ms] [WARNING] The resource https://v3-110-2.gsl.feature-app.io/apps/quicksearch/quicksearch.umd.js was preloaded using link preload but not used within a few seconds from the window's load event. Please make sure it has an appropriate `as` value and it is preloaded intentionally. @ https://www.volkswagen.de/de.html:0
[ 1206627ms] [WARNING] The resource https://v1-532-0.mofa.feature-app.io/assets/model-recommendations-feature-app/model-recommendations.js was preloaded using link preload but not used within a few seconds from the window's load event. Please make sure it has an appropriate `as` value and it is preloaded intentionally. @ https://www.volkswagen.de/de.html:0
[ 1256549ms] [WARNING] The resource https://v3-110-2.gsl.feature-app.io/apps/quicksearch/quicksearch.umd.js was preloaded using link preload but not used within a few seconds from the window's load event. Please make sure it has an appropriate `as` value and it is preloaded intentionally. @ https://www.volkswagen.de/de.html:0
[ 1256549ms] [WARNING] The resource https://v1-532-0.mofa.feature-app.io/assets/model-recommendations-feature-app/model-recommendations.js was preloaded using link preload but not used within a few seconds from the window's load event. Please make sure it has an appropriate `as` value and it is preloaded intentionally. @ https://www.volkswagen.de/de.html:0
[ 1306700ms] [WARNING] The resource https://v3-110-2.gsl.feature-app.io/apps/quicksearch/quicksearch.umd.js was preloaded using link preload but not used within a few seconds from the window's load event. Please make sure it has an appropriate `as` value and it is preloaded intentionally. @ https://www.volkswagen.de/de.html:0
[ 1306701ms] [WARNING] The resource https://v1-532-0.mofa.feature-app.io/assets/model-recommendations-feature-app/model-recommendations.js was preloaded using link preload but not used within a few seconds from the window's load event. Please make sure it has an appropriate `as` value and it is preloaded intentionally. @ https://www.volkswagen.de/de.html:0
[ 1356606ms] [WARNING] The resource https://v3-110-2.gsl.feature-app.io/apps/quicksearch/quicksearch.umd.js was preloaded using link preload but not used within a few seconds from the window's load event. Please make sure it has an appropriate `as` value and it is preloaded intentionally. @ https://www.volkswagen.de/de.html:0
[ 1356606ms] [WARNING] The resource https://v1-532-0.mofa.feature-app.io/assets/model-recommendations-feature-app/model-recommendations.js was preloaded using link preload but not used within a few seconds from the window's load event. Please make sure it has an appropriate `as` value and it is preloaded intentionally. @ https://www.volkswagen.de/de.html:0
